036720
040130
055000
032600
056140
012400
045880
037830
030390
041320
078420
046350
013650
015390
019640
058690
035400
024100
026540
016510
950030
036790
038830
020070
037110
007490
017300
056850
082110
045760
062730
055250
022520
004620
089240
045260
032380
009690
035710
114410
012420
034660
065340
043680
035010
048640
103150
066690
040740
038420
373340
061970
259960
089230
221800
405350
017860
469880
377630
200130
440200
188260
464680
088280
092790
023590
115160
027390
001120
051380
033160
044450
079950
066570
096240
419120
069140
440320
006800
038870
440110
010580
093640
005560
353060
446750
009770
466910
348210
340440
049130
033180
012170
464440
035250
138690
432470
043590
034310
090430
066900
054780
024800
105760
054630
440290
149940
284620
080010
091970
355150
206400
084870
257990
115440
427950
250030
004770
220100
264660
115960
307930
092600
472230
074600
111820
036200
451800
009440
388870
370090
448280
168330
225220
468760
469900
473370
226360
111380
064290
000060
007120
125210
002100
208890
061250
047560
452670
356890
114840
053050
006570
388050
168360
189980
007640
376180
451760
150900
426550
114120
035420
269620
138290
130740
003450
086790
037370
242350
366330
336040
028260
303530
363250
009240
042600
291810
005440
078590
003560
411080
050540
331520
014710
000810
010660
117580
238170
150440
240810
032750
271780
051780
396270
372290
452430
216080
378800
235980
417010
089030
217480
245030
162120
405100
002670
006140
025530
112240
093370
002550
011930
068100
018470
445680
259630
388790
003280
206950
417200
043290
450410
109670
126600
078130
257370
093510
247660
032850
086280
041920
126560
415380
050890
093230
091990
023440
069960
004970
348340
293580
400560
469480
267250
322000
357120
013340
381970
024830
030200
101140
037640
046810
002810
278380
106080
003850
143240
178780
443250
176750
214390
032800
035430
180640
950210
375500
402340
299670
464280
008290
139050
029460
041590
290650
065150
303810
098070
002880
035760
138580
475830
366030
053160
011400
131090
222670
065350
298870
090410
003050
124560
332190
352770
358570
064760
301300
226950
039230
053580
011300
016740
050110
434480
384470
067900
266470
347850
457370
215200
086820
047050
000520
005690
093240
446440
005380
495810
368030
477760
141080
003310
043150
041830
234080
114090
327610
102280
445090
036180
073640
489210
487360
004080
011150
029530
018880
079970
020560
298690
025870
225190
099750
487830
421800
466410
484130
017180
089530
019660
413600
308700
015760
002380
290720
219750
462870
007280
004650
003030
036800
052900
032710
317400
443060
131030
267260
214450
271980
144510
265740
015540
043260
263540
019770
172670
348080
042660
036580
258790
474170
115570
424140
452450
096250
064400
100130
079980
089150
307950
088130
067830
087600
329180
092870
192250
222420
290560
475240
451250
085810
013580
032790
400760
030350
084180
046310
389500
148140
005090
007980
030190
045660
089010
279060
211050
243070
267980
333620
333050
413640
476080
060000
398120
048530
072020
087010
078160
297090
112610
425290
110790
072770
214270
038500
058860
114450
086900
207940
191420
263050
331920
302440
012200
051490
071670
376300
008250
016250
024720
109070
058220
436530
006050
010120
012620
005870
048550
078860
156100
287410
065650
069110
001440
417970
382480
000040
126700
054930
074610
047820
104460
131100
078350
004270
140430
060480
005300
032620
005930
045060
012450
060370
010960
037440
011170
048410
064850
032640
100590
031440
076080
079160
219130
461300
123840
396470
222160
308080
327260
038340
458320
101970
052270
042700
357580
005160
026890
128660
007690
210120
315640
065570
020760
003220
128540
208350
218410
222800
318160
355390
453860
462520
073240
199480
086710
277880
456070
463480
450080
000120
045100
001510
090360
166090
266870
212710
002000
492220
419700
396300
047040
495900
430460
466100
057050
288620
489730
458610
950190
031210
046110
133820
251270
454910
089140
168490
079370
204270
456570
091580
063080
307870
450950
373160
083470
377220
145720
372170
258610
419270
460470
300720
489480
243870
475460
493790
044490
201490
180060
900280
006840
139990
033560
464500
422040
217330
256940
208710
001340
076340
127980
403360
373110
002700
234920
021960
003190
114190
001230
048470
001000
071970
106520
484810
018260
006400
025860
482630
043610
004440
419050
448730
488060
382800
034590
230980
217880
046210
004590
016100
042040
030530
033050
014100
040350
462980
144620
498390
103840
085660
200710
103590
007390
204620
001940
085620
038110
010470
001630
024840
002020
009410
204840
060250
049080
065690
074430
200470
178320
014130
356680
005610
222110
457600
033320
023150
065130
029780
273060
004490
008040
472220
007070
477340
013890
088800
091440
098460
095910
174880
127710
217190
122310
148250
227950
239890
250000
273640
297570
045340
162300
071840
035000
282690
032960
334970
382150
355690
417860
418250
214870
229640
265520
418210
448900
039570
046390
336060
209640
234690
058430
003670
027740
058650
195870
298050
206650
350520
114920
078340
082270
099220
122870
177900
064510
950220
126870
331660
025880
003920
005990
413390
002210
208340
026910
006740
192650
107640
478440
068870
432720
001790
002680
001130
005860
001680
027710
003230
033200
035810
004410
060570
052220
006980
352090
005430
002960
195990
086980
255440
004920
011690
008270
065710
082660
065680
084450
024110
041460
481850
452200
197140
004380
317240
424960
479960
086960
070480
064520
001880
192440
014200
052710
217730
118990
313760
068400
011790
323280
103660
083650
041500
362990
482680
318410
285800
002600
099320
092040
260970
101530
067000
215570
071200
233250
415580
019680
054210
000030
432430
199870
258250
253450
303030
110990
089850
000640
010050
073570
170900
099520
413630
044070
057330
254490
160190
222980
097950
136490
194700
145990
318010
248170
264900
357230
271560
218150
280360
270870
121060
086220
418170
476060
318000
009450
091590
001260
013810
007820
012800
017890
006040
023410
031310
000890
005850
045390
006120
047770
066980
014820
092460
003460
486630
290690
178600
010420
066930
126880
236030
277410
299900
353190
353810
368970
011040
014570
002720
023910
006620
086450
217820
080000
083450
013360
091120
010060
095700
005010
200670
222040
000240
122350
005420
008930
189330
009460
196450
012630
198440
011200
092440
088790
450330
200580
039980
246960
009730
035150
009180
001540
012160
052300
372910
213500
153490
263700
047940
050470
038710
054020
050960
003000
001360
009300
000250
006280
018680
004720
002800
012790
019170
003520
000220
000230
001060
007370
033270
002390
116100
009190
115480
203650
005720
002350
217620
028100
226340
034830
138490
308100
089470
278650
095570
270660
108670
282880
120110
137310
004710
085370
080530
151910
304360
062860
053330
464580
009420
004310
016580
032300
067080
053030
034940
200780
354390
068760
330350
128940
084990
347860
091090
222810
412930
161390
950160
227840
302550
294870
450140
216400
101160
005270
000430
023960
096610
347740
078940
126730
473000
166480
185750
195940
249420
006220
044480
403870
010780
024910
002710
008830
020120
009520
046890
044820
023160
308170
019550
092220
192820
067170
336260
092190
041910
050320
444920
446150
449020
450940
311320
391060
452260
161000
066700
250060
010170
039020
064090
011080
147830
452980
474930
474660
036280
336370
067250
004540
044180
013120
014580
246710
365340
070300
007570
476710
011700
431190
068270
013000
009780
018700
000070
021050
027040
000670
033170
033340
004090
003480
035620
034230
437730
002460
019010
036420
194480
001490
028300
031510
066620
039340
006110
008700
137950
025000
096530
397880
420570
064060
016360
011070
032830
069410
010140
070590
004170
001500
012750
000850
081000
163280
069330
086250
190510
039490
352480
238200
406760
240550
018000
199820
404990
079940
002240
000540
021320
027830
016090
108320
005280
033240
033290
171120
071950
056090
131290
078000
058850
067160
095720
083790
900140
134790
080470
480370
088390
363280
109610
086390
360350
471820
009290
053590
267080
286000
004800
003470
025550
030720
019990
015710
007610
007110
000970
004960
039420
000800
078650
030790
239340
041650
002870
199800
260870
095340
096630
123010
122450
187220
238090
289010
232140
348030
432980
272290
328380
037230
032860
063440
004560
090850
017390
123420
022100
445180
009540
065530
075180
267850
039740
100220
040160
097230
062580
048870
331740
282330
027410
065450
000020
037330
309710
011210
085310
160980
023800
446190
342870
033830
060560
225530
950110
007720
001470
054220
043220
060150
127120
416180
336680
148930
219550
314140
354200
460940
038880
125490
027970
006090
013720
053350
305090
442310
440790
022220
489790
104480
003580
307180
439260
381620
362320
101390
047920
096770
003830
033310
224060
351320
007160
000300
036710
003240
054050
036220
040610
036630
033790
176590
052770
151860
060240
343090
461030
459510
027050
900100
220180
024810
096040
079810
081150
211270
352700
377460
294570
310210
443670
394800
472850
306200
062040
035080
332570
258540
393210
387570
369370
159580
226320
001250
215090
066670
322510
030000
070960
066590
458650
101000
261780
347700
435870
014990
456440
188040
484120
267790
009830
335870
380550
104040
026970
475430
011320
035890
483650
041520
215380
377330
418620
214610
309930
445360
475230
040300
125020
468530
367000
069460
161570
263920
008060
419080
049770
137080
223310
122900
435380
296640
117670
096640
124500
154040
012600
950170
016610
003620
403490
389140
321370
060280
019560
034220
017000
082640
069540
047810
095190
212560
017550
102950
227100
475960
496070
143210
238490
373200
341170
071460
072520
198080
439730
439250
321550
214420
012720
069730
021880
060310
002630
463020
131400
318060
200230
023530
012690
361610
039560
234030
004870
476470
442130
462310
089600
005180
465480
001720
405000
038680
444530
289170
043090
289860
290660
456160
009310
357780
296520
412350
081660
096350
036120
276730
331380
081180
478560
204210
019490
102260
084370
005880
068940
078140
496320
094860
056730
196300
246720
298380
340810
102370
446840
019590
055550
008020
294090
023460
003120
036930
203690
477530
364950
288330
131970
112040
294140
026870
456040
248070
066910
230240
226330
377030
016790
298060
440820
003060
054180
002320
038060
079900
418550
227420
105630
226440
001750
323230
008110
066430
051390
002250
475560
474650
091810
057880
069920
448830
388610
397030
281820
006490
043100
101400
344820
066270
032980
239610
208640
088350
272210
181710
001040
142280
068330
000360
447690
002170
043710
000320
003530
073540
031820
006060
031860
340360
311960
418470
376900
232830
029960
450520
475660
109960
017040
007330
092780
052670
002790
063570
203450
187870
212310
010280
051980
150840
200350
322180
457390
008500
321820
323990
138250
033660
214310
303360
006360
205500
192520
247540
462020
024850
159910
439090
489460
044340
244460
287840
388720
439410
389470
080420
015590
251630
286940
230360
424870
430690
437780
435620
005390
332290
044060
290380
006380
029480
060230
101670
251370
462860
268600
283100
290120
202960
438580
340450
025440
177350
311390
468510
455180
031920
407400
024900
373220
010130
241520
084650
346010
393970
380540
050120
086460
347000
145210
058450
276040
169670
430220
100700
217270
252990
187660
445970
107600
288490
136150
476040
175140
011000
270520
397810
025620
023350
080720
335890
258830
182400
148780
311690
484590
004990
057500
380440
293780
389030
405920
266170
365330
017510
012860
042510
064260
141020
079960
232680
002990
051360
198940
452160
089890
128820
246250
033250
264450
035290
004020
379390
404950
452190
013700
296160
452300
041020
220630
225570
137940
155900
900120
367360
452280
034120
050860
076610
019440
457550
471050
036030
455310
377400
070080
066970
338220
023770
154030
049550
018250
451220
073190
377190
014440
380320
465320
338840
460930
039870
054540
078020
478390
090740
189690
036640
101330
066350
010620
153460
179720
389260
051500
357430
284420
002900
065560
090370
052400
048260
037340
080220
052420
122830
208860
479880
088290
317850
053270
014790
300120
131370
295310
017160
002540
403550
001620
278470
114810
006070
001950
036490
006580
044770
039060
015750
010600
015890
089790
196490
293490
429270
467930
436610
351870
001780
009760
016890
004660
006600
134780
262760
005110
234300
475150
089970
475250
104200
019300
002270
028090
008720
079660
020180
376930
003940
014300
260490
041550
021570
460860
009380
005600
004530
290270
478110
008560
016570
067390
482520
005940
048830
002780
000660
041510
004150
053300
034730
096760
179290
031390
067730
036000
304100
002300
003040
003900
008800
053440
054250
233190
094280
204990
360070
430230
039310
185490
293940
039840
262260
248020
054790
028050
142760
097800
060260
007860
037600
446540
241510
083640
149980
184230
126640
000480
130580
473050
237750
093320
082850
101730
433530
460870
226590
238500
065060
009320
111870
119650
079650
164060
060300
004450
001290
475580
077360
213420
215480
462510
438700
214370
372320
033530
119860
377450
481070
038530
386580
105550
352820
000880
439580
000400
111110
138070
477380
053950
405640
323350
163430
290090
046400
357880
010640
012330
066360
042940
118000
181340
079550
298040
900070
442770
448760
059270
402490
393360
412540
131180
003090
033630
033230
160600
299910
123040
266350
050090
005290
056190
320000
376270
052690
136540
001140
123750
010770
033780
033640
035720
036570
053210
046120
069640
452400
063160
069620
068050
067310
001740
487570
002230
291230
368600
391710
474490
012650
046140
005490
004000
031430
163560
088340
004370
339770
084670
244920
139480
389650
051310
475400
222080
221980
114630
064240
034300
199430
131760
003690
042370
007700
036560
054300
035510
134580
383220
415640
474610
015360
054670
460850
484870
192410
469750
376190
003080
011330
066790
121440
286750
337930
012210
390110
224020
314130
319400
330860
382900
044990
289930
002820
348370
478780
003650
341310
010090
007460
240600
263720
101170
136660
049180
224760
489500
446600
082740
234340
030210
021040
226400
008670
009810
169330
453450
009580
001810
456010
034950
047730
025950
036170
220260
053200
001020
009200
059210
064550
042520
260660
340570
138610
950130
153710
253840
304840
053980
199550
465770
004250
084110
083550
000150
038290
001520
002450
145170
263750
002140
065770
388800
462350
036830
060590
145020
430700
435570
062970
193250
308430
000720
064800
083660
318020
183410
194510
004940
136510
473950
005750
036670
007310
005320
279600
144960
139130
039200
067370
215600
187420
003410
092070
487720
055490
005500
026960
005810
001450
084680
090350
024950
086890
091340
094850
455900
473980
023790
302920
086520
499790
170790
065370
477470
458870
275630
060910
104540
245620
351020
082210
126720
046070
229000
105560
054620
237690
058530
464080
175250
019570
322190
241790
009680
400840
481890
438220
482690
459100
389680
007680
017810
115390
065500
006390
065170
051630
003780
032190
361670
008350
008970
049470
191410
